
> financeiro-backend@0.1.0 prestart:dev
> prisma generate

Environment variables loaded from .env
Prisma schema loaded from prisma\schema.prisma

✔ Generated Prisma Client (v5.22.0) to .\node_modules\@prisma\client in 207ms

Start by importing your Prisma Client (See: https://pris.ly/d/importing-client)

Tip: Want real-time updates to your database without manual polling? Discover how with Pulse: https://pris.ly/tip-0-pulse


> financeiro-backend@0.1.0 start:dev
> nest start --watch

[2J[3J[H[[90m16:19:00[0m] Starting compilation in watch mode...

[[90m16:19:02[0m] Found 0 errors. Watching for file changes.

[32m[Nest] 18228  - [39m28/05/2026, 16:19:03 [32m    LOG[39m [38;5;3m[NestFactory] [39m[32mStarting Nest application...[39m
[32m[Nest] 18228  - [39m28/05/2026, 16:19:03 [32m    LOG[39m [38;5;3m[InstanceLoader] [39m[32mAppModule dependencies initialized[39m[38;5;3m +10ms[39m
[32m[Nest] 18228  - [39m28/05/2026, 16:19:03 [32m    LOG[39m [38;5;3m[InstanceLoader] [39m[32mPrismaModule dependencies initialized[39m[38;5;3m +12ms[39m
[32m[Nest] 18228  - [39m28/05/2026, 16:19:03 [32m    LOG[39m [38;5;3m[InstanceLoader] [39m[32mCompaniesModule dependencies initialized[39m[38;5;3m +3ms[39m
[32m[Nest] 18228  - [39m28/05/2026, 16:19:03 [32m    LOG[39m [38;5;3m[InstanceLoader] [39m[32mDashboardModule dependencies initialized[39m[38;5;3m +1ms[39m
[32m[Nest] 18228  - [39m28/05/2026, 16:19:03 [32m    LOG[39m [38;5;3m[InstanceLoader] [39m[32mReceivablesModule dependencies initialized[39m[38;5;3m +0ms[39m
[32m[Nest] 18228  - [39m28/05/2026, 16:19:03 [32m    LOG[39m [38;5;3m[InstanceLoader] [39m[32mCashSessionsModule dependencies initialized[39m[38;5;3m +0ms[39m
[32m[Nest] 18228  - [39m28/05/2026, 16:19:03 [32m    LOG[39m [38;5;3m[InstanceLoader] [39m[32mBanksModule dependencies initialized[39m[38;5;3m +0ms[39m
[32m[Nest] 18228  - [39m28/05/2026, 16:19:03 [32m    LOG[39m [38;5;3m[InstanceLoader] [39m[32mProductsModule dependencies initialized[39m[38;5;3m +0ms[39m
[32m[Nest] 18228  - [39m28/05/2026, 16:19:03 [32m    LOG[39m [38;5;3m[InstanceLoader] [39m[32mPayablesModule dependencies initialized[39m[38;5;3m +1ms[39m
[32m[Nest] 18228  - [39m28/05/2026, 16:19:03 [32m    LOG[39m [38;5;3m[InstanceLoader] [39m[32mFiscalCertificatesModule dependencies initialized[39m[38;5;3m +0ms[39m
[32m[Nest] 18228  - [39m28/05/2026, 16:19:03 [32m    LOG[39m [38;5;3m[RoutesResolver] [39m[32mCompaniesController {/api/v1/companies}:[39m[38;5;3m +17ms[39m
[32m[Nest] 18228  - [39m28/05/2026, 16:19:03 [32m    LOG[39m [38;5;3m[RouterExplorer] [39m[32mMapped {/api/v1/companies, GET} route[39m[38;5;3m +2ms[39m
[32m[Nest] 18228  - [39m28/05/2026, 16:19:03 [32m    LOG[39m [38;5;3m[RouterExplorer] [39m[32mMapped {/api/v1/companies/sync-financial-settings, POST} route[39m[38;5;3m +0ms[39m
[32m[Nest] 18228  - [39m28/05/2026, 16:19:03 [32m    LOG[39m [38;5;3m[RouterExplorer] [39m[32mMapped {/api/v1/companies/:id/financial-settings, PATCH} route[39m[38;5;3m +0ms[39m
[32m[Nest] 18228  - [39m28/05/2026, 16:19:03 [32m    LOG[39m [38;5;3m[RouterExplorer] [39m[32mMapped {/api/v1/companies/:id/branches, GET} route[39m[38;5;3m +1ms[39m
[32m[Nest] 18228  - [39m28/05/2026, 16:19:03 [32m    LOG[39m [38;5;3m[RouterExplorer] [39m[32mMapped {/api/v1/companies/:id/branches, POST} route[39m[38;5;3m +0ms[39m
[32m[Nest] 18228  - [39m28/05/2026, 16:19:03 [32m    LOG[39m [38;5;3m[RouterExplorer] [39m[32mMapped {/api/v1/companies/:id/branches/:branchId, PATCH} route[39m[38;5;3m +0ms[39m
[32m[Nest] 18228  - [39m28/05/2026, 16:19:03 [32m    LOG[39m [38;5;3m[RoutesResolver] [39m[32mDashboardController {/api/v1/dashboard}:[39m[38;5;3m +0ms[39m
[32m[Nest] 18228  - [39m28/05/2026, 16:19:03 [32m    LOG[39m [38;5;3m[RouterExplorer] [39m[32mMapped {/api/v1/dashboard/overview, GET} route[39m[38;5;3m +0ms[39m
[32m[Nest] 18228  - [39m28/05/2026, 16:19:03 [32m    LOG[39m [38;5;3m[RoutesResolver] [39m[32mReceivablesController {/api/v1/receivables}:[39m[38;5;3m +0ms[39m
[32m[Nest] 18228  - [39m28/05/2026, 16:19:03 [32m    LOG[39m [38;5;3m[RouterExplorer] [39m[32mMapped {/api/v1/receivables/import, POST} route[39m[38;5;3m +1ms[39m
[32m[Nest] 18228  - [39m28/05/2026, 16:19:03 [32m    LOG[39m [38;5;3m[RouterExplorer] [39m[32mMapped {/api/v1/receivables/existing-business-keys, POST} route[39m[38;5;3m +0ms[39m
[32m[Nest] 18228  - [39m28/05/2026, 16:19:03 [32m    LOG[39m [38;5;3m[RouterExplorer] [39m[32mMapped {/api/v1/receivables/batches, GET} route[39m[38;5;3m +0ms[39m
[32m[Nest] 18228  - [39m28/05/2026, 16:19:03 [32m    LOG[39m [38;5;3m[RouterExplorer] [39m[32mMapped {/api/v1/receivables/batches/:batchId, GET} route[39m[38;5;3m +1ms[39m
[32m[Nest] 18228  - [39m28/05/2026, 16:19:03 [32m    LOG[39m [38;5;3m[RouterExplorer] [39m[32mMapped {/api/v1/receivables/batches/:batchId/assign-bank, POST} route[39m[38;5;3m +0ms[39m
[32m[Nest] 18228  - [39m28/05/2026, 16:19:03 [32m    LOG[39m [38;5;3m[RouterExplorer] [39m[32mMapped {/api/v1/receivables/batches/:batchId/reverse-bank-preparation, POST} route[39m[38;5;3m +0ms[39m
[32m[Nest] 18228  - [39m28/05/2026, 16:19:03 [32m    LOG[39m [38;5;3m[RouterExplorer] [39m[32mMapped {/api/v1/receivables/batches/:batchId/exclude-installments, POST} route[39m[38;5;3m +0ms[39m
[32m[Nest] 18228  - [39m28/05/2026, 16:19:03 [32m    LOG[39m [38;5;3m[RouterExplorer] [39m[32mMapped {/api/v1/receivables/batches/:batchId/issue-bank-slips, POST} route[39m[38;5;3m +0ms[39m
[32m[Nest] 18228  - [39m28/05/2026, 16:19:03 [32m    LOG[39m [38;5;3m[RouterExplorer] [39m[32mMapped {/api/v1/receivables/installments, GET} route[39m[38;5;3m +1ms[39m
[32m[Nest] 18228  - [39m28/05/2026, 16:19:03 [32m    LOG[39m [38;5;3m[RouterExplorer] [39m[32mMapped {/api/v1/receivables/installments/:installmentId, PATCH} route[39m[38;5;3m +0ms[39m
[32m[Nest] 18228  - [39m28/05/2026, 16:19:03 [32m    LOG[39m [38;5;3m[RouterExplorer] [39m[32mMapped {/api/v1/receivables/installments/:installmentId/bank-slip-pdf, GET} route[39m[38;5;3m +0ms[39m
[32m[Nest] 18228  - [39m28/05/2026, 16:19:03 [32m    LOG[39m [38;5;3m[RouterExplorer] [39m[32mMapped {/api/v1/receivables/bank-return-imports, GET} route[39m[38;5;3m +0ms[39m
[32m[Nest] 18228  - [39m28/05/2026, 16:19:03 [32m    LOG[39m [38;5;3m[RouterExplorer] [39m[32mMapped {/api/v1/receivables/bank-return-imports, POST} route[39m[38;5;3m +0ms[39m
[32m[Nest] 18228  - [39m28/05/2026, 16:19:03 [32m    LOG[39m [38;5;3m[RouterExplorer] [39m[32mMapped {/api/v1/receivables/bank-return-imports/:importId, GET} route[39m[38;5;3m +1ms[39m
[32m[Nest] 18228  - [39m28/05/2026, 16:19:03 [32m    LOG[39m [38;5;3m[RouterExplorer] [39m[32mMapped {/api/v1/receivables/bank-return-imports/:importId/apply-liquidations, POST} route[39m[38;5;3m +0ms[39m
[32m[Nest] 18228  - [39m28/05/2026, 16:19:03 [32m    LOG[39m [38;5;3m[RoutesResolver] [39m[32mCashSessionsController {/api/v1}:[39m[38;5;3m +0ms[39m
[32m[Nest] 18228  - [39m28/05/2026, 16:19:03 [32m    LOG[39m [38;5;3m[RouterExplorer] [39m[32mMapped {/api/v1/cash-sessions, GET} route[39m[38;5;3m +0ms[39m
[32m[Nest] 18228  - [39m28/05/2026, 16:19:03 [32m    LOG[39m [38;5;3m[RouterExplorer] [39m[32mMapped {/api/v1/cash-sessions/current, GET} route[39m[38;5;3m +0ms[39m
[32m[Nest] 18228  - [39m28/05/2026, 16:19:03 [32m    LOG[39m [38;5;3m[RouterExplorer] [39m[32mMapped {/api/v1/cash-sessions/:sessionId, GET} route[39m[38;5;3m +0ms[39m
[32m[Nest] 18228  - [39m28/05/2026, 16:19:03 [32m    LOG[39m [38;5;3m[RouterExplorer] [39m[32mMapped {/api/v1/cash-sessions/open, POST} route[39m[38;5;3m +1ms[39m
[32m[Nest] 18228  - [39m28/05/2026, 16:19:03 [32m    LOG[39m [38;5;3m[RouterExplorer] [39m[32mMapped {/api/v1/cash-sessions/close-current, POST} route[39m[38;5;3m +0ms[39m
[32m[Nest] 18228  - [39m28/05/2026, 16:19:03 [32m    LOG[39m [38;5;3m[RouterExplorer] [39m[32mMapped {/api/v1/cash-sessions/current/movements, POST} route[39m[38;5;3m +0ms[39m
[32m[Nest] 18228  - [39m28/05/2026, 16:19:03 [32m    LOG[39m [38;5;3m[RouterExplorer] [39m[32mMapped {/api/v1/receivables/installments/:installmentId/settle-cash, POST} route[39m[38;5;3m +0ms[39m
[32m[Nest] 18228  - [39m28/05/2026, 16:19:03 [32m    LOG[39m [38;5;3m[RouterExplorer] [39m[32mMapped {/api/v1/receivables/installments/:installmentId/settle-manual, POST} route[39m[38;5;3m +0ms[39m
[32m[Nest] 18228  - [39m28/05/2026, 16:19:03 [32m    LOG[39m [38;5;3m[RoutesResolver] [39m[32mBanksController {/api/v1/banks}:[39m[38;5;3m +1ms[39m
[32m[Nest] 18228  - [39m28/05/2026, 16:19:03 [32m    LOG[39m [38;5;3m[RouterExplorer] [39m[32mMapped {/api/v1/banks, GET} route[39m[38;5;3m +0ms[39m
[32m[Nest] 18228  - [39m28/05/2026, 16:19:03 [32m    LOG[39m [38;5;3m[RouterExplorer] [39m[32mMapped {/api/v1/banks/:bankId, GET} route[39m[38;5;3m +0ms[39m
[32m[Nest] 18228  - [39m28/05/2026, 16:19:03 [32m    LOG[39m [38;5;3m[RouterExplorer] [39m[32mMapped {/api/v1/banks/:bankId/statement/saved, GET} route[39m[38;5;3m +0ms[39m
[32m[Nest] 18228  - [39m28/05/2026, 16:19:03 [32m    LOG[39m [38;5;3m[RouterExplorer] [39m[32mMapped {/api/v1/banks/:bankId/statement, GET} route[39m[38;5;3m +0ms[39m
[32m[Nest] 18228  - [39m28/05/2026, 16:19:03 [32m    LOG[39m [38;5;3m[RouterExplorer] [39m[32mMapped {/api/v1/banks/:bankId/statement/movements/:movementId/reconcile, POST} route[39m[38;5;3m +0ms[39m
[32m[Nest] 18228  - [39m28/05/2026, 16:19:03 [32m    LOG[39m [38;5;3m[RouterExplorer] [39m[32mMapped {/api/v1/banks/:bankId/statement/movements/:movementId/review, POST} route[39m[38;5;3m +1ms[39m
[32m[Nest] 18228  - [39m28/05/2026, 16:19:03 [32m    LOG[39m [38;5;3m[RouterExplorer] [39m[32mMapped {/api/v1/banks, POST} route[39m[38;5;3m +0ms[39m
[32m[Nest] 18228  - [39m28/05/2026, 16:19:03 [32m    LOG[39m [38;5;3m[RouterExplorer] [39m[32mMapped {/api/v1/banks/:bankId, PATCH} route[39m[38;5;3m +0ms[39m
[32m[Nest] 18228  - [39m28/05/2026, 16:19:03 [32m    LOG[39m [38;5;3m[RouterExplorer] [39m[32mMapped {/api/v1/banks/:bankId/activate, POST} route[39m[38;5;3m +0ms[39m
[32m[Nest] 18228  - [39m28/05/2026, 16:19:03 [32m    LOG[39m [38;5;3m[RouterExplorer] [39m[32mMapped {/api/v1/banks/:bankId/inactivate, POST} route[39m[38;5;3m +0ms[39m
[32m[Nest] 18228  - [39m28/05/2026, 16:19:03 [32m    LOG[39m [38;5;3m[RoutesResolver] [39m[32mProductsController {/api/v1/products}:[39m[38;5;3m +1ms[39m
[32m[Nest] 18228  - [39m28/05/2026, 16:19:03 [32m    LOG[39m [38;5;3m[RouterExplorer] [39m[32mMapped {/api/v1/products, GET} route[39m[38;5;3m +0ms[39m
[32m[Nest] 18228  - [39m28/05/2026, 16:19:03 [32m    LOG[39m [38;5;3m[RouterExplorer] [39m[32mMapped {/api/v1/products/stock-movements, GET} route[39m[38;5;3m +0ms[39m
[32m[Nest] 18228  - [39m28/05/2026, 16:19:03 [32m    LOG[39m [38;5;3m[RouterExplorer] [39m[32mMapped {/api/v1/products/:productId, GET} route[39m[38;5;3m +0ms[39m
[32m[Nest] 18228  - [39m28/05/2026, 16:19:03 [32m    LOG[39m [38;5;3m[RouterExplorer] [39m[32mMapped {/api/v1/products, POST} route[39m[38;5;3m +0ms[39m
[32m[Nest] 18228  - [39m28/05/2026, 16:19:03 [32m    LOG[39m [38;5;3m[RouterExplorer] [39m[32mMapped {/api/v1/products/:productId, PATCH} route[39m[38;5;3m +0ms[39m
[32m[Nest] 18228  - [39m28/05/2026, 16:19:03 [32m    LOG[39m [38;5;3m[RouterExplorer] [39m[32mMapped {/api/v1/products/:productId/activate, POST} route[39m[38;5;3m +1ms[39m
[32m[Nest] 18228  - [39m28/05/2026, 16:19:03 [32m    LOG[39m [38;5;3m[RouterExplorer] [39m[32mMapped {/api/v1/products/:productId/inactivate, POST} route[39m[38;5;3m +0ms[39m
[32m[Nest] 18228  - [39m28/05/2026, 16:19:03 [32m    LOG[39m [38;5;3m[RoutesResolver] [39m[32mPayablesController {/api/v1/payables}:[39m[38;5;3m +0ms[39m
[32m[Nest] 18228  - [39m28/05/2026, 16:19:03 [32m    LOG[39m [38;5;3m[RouterExplorer] [39m[32mMapped {/api/v1/payables/invoice-imports, GET} route[39m[38;5;3m +0ms[39m
[32m[Nest] 18228  - [39m28/05/2026, 16:19:03 [32m    LOG[39m [38;5;3m[RouterExplorer] [39m[32mMapped {/api/v1/payables/invoice-imports/:importId, GET} route[39m[38;5;3m +1ms[39m
[32m[Nest] 18228  - [39m28/05/2026, 16:19:03 [32m    LOG[39m [38;5;3m[RouterExplorer] [39m[32mMapped {/api/v1/payables/invoice-imports/from-xml, POST} route[39m[38;5;3m +0ms[39m
[32m[Nest] 18228  - [39m28/05/2026, 16:19:03 [32m    LOG[39m [38;5;3m[RouterExplorer] [39m[32mMapped {/api/v1/payables/invoice-imports/:importId/installments, PATCH} route[39m[38;5;3m +0ms[39m
[32m[Nest] 18228  - [39m28/05/2026, 16:19:03 [32m    LOG[39m [38;5;3m[RouterExplorer] [39m[32mMapped {/api/v1/payables/invoice-imports/:importId/approve, POST} route[39m[38;5;3m +0ms[39m
[32m[Nest] 18228  - [39m28/05/2026, 16:19:03 [32m    LOG[39m [38;5;3m[RoutesResolver] [39m[32mFiscalCertificatesController {/api/v1/fiscal-certificates}:[39m[38;5;3m +0ms[39m
[32m[Nest] 18228  - [39m28/05/2026, 16:19:03 [32m    LOG[39m [38;5;3m[RouterExplorer] [39m[32mMapped {/api/v1/fiscal-certificates, GET} route[39m[38;5;3m +1ms[39m
[32m[Nest] 18228  - [39m28/05/2026, 16:19:03 [32m    LOG[39m [38;5;3m[RouterExplorer] [39m[32mMapped {/api/v1/fiscal-certificates/:certificateId, GET} route[39m[38;5;3m +0ms[39m
[32m[Nest] 18228  - [39m28/05/2026, 16:19:03 [32m    LOG[39m [38;5;3m[RouterExplorer] [39m[32mMapped {/api/v1/fiscal-certificates, POST} route[39m[38;5;3m +0ms[39m
[32m[Nest] 18228  - [39m28/05/2026, 16:19:03 [32m    LOG[39m [38;5;3m[RouterExplorer] [39m[32mMapped {/api/v1/fiscal-certificates/:certificateId, PATCH} route[39m[38;5;3m +0ms[39m
[32m[Nest] 18228  - [39m28/05/2026, 16:19:03 [32m    LOG[39m [38;5;3m[RouterExplorer] [39m[32mMapped {/api/v1/fiscal-certificates/:certificateId/activate, POST} route[39m[38;5;3m +0ms[39m
[32m[Nest] 18228  - [39m28/05/2026, 16:19:03 [32m    LOG[39m [38;5;3m[RouterExplorer] [39m[32mMapped {/api/v1/fiscal-certificates/:certificateId/inactivate, POST} route[39m[38;5;3m +0ms[39m
[32m[Nest] 18228  - [39m28/05/2026, 16:19:03 [32m    LOG[39m [38;5;3m[RouterExplorer] [39m[32mMapped {/api/v1/fiscal-certificates/:certificateId/set-default, POST} route[39m[38;5;3m +1ms[39m
[32m[Nest] 18228  - [39m28/05/2026, 16:19:03 [32m    LOG[39m [38;5;3m[RouterExplorer] [39m[32mMapped {/api/v1/fiscal-certificates/:certificateId/sync-dfe, POST} route[39m[38;5;3m +0ms[39m
[32m[Nest] 18228  - [39m28/05/2026, 16:19:03 [32m    LOG[39m [38;5;3m[NestApplication] [39m[32mNest application successfully started[39m[38;5;3m +2ms[39m
[2J[3J[H[[90m16:23:20[0m] File change detected. Starting incremental compilation...

[[90m16:23:20[0m] Found 0 errors. Watching for file changes.

[32m[Nest] 28160  - [39m28/05/2026, 16:23:21 [32m    LOG[39m [38;5;3m[NestFactory] [39m[32mStarting Nest application...[39m
[32m[Nest] 28160  - [39m28/05/2026, 16:23:21 [32m    LOG[39m [38;5;3m[InstanceLoader] [39m[32mAppModule dependencies initialized[39m[38;5;3m +10ms[39m
[32m[Nest] 28160  - [39m28/05/2026, 16:23:21 [32m    LOG[39m [38;5;3m[InstanceLoader] [39m[32mPrismaModule dependencies initialized[39m[38;5;3m +2ms[39m
[32m[Nest] 28160  - [39m28/05/2026, 16:23:21 [32m    LOG[39m [38;5;3m[InstanceLoader] [39m[32mCompaniesModule dependencies initialized[39m[38;5;3m +4ms[39m
[32m[Nest] 28160  - [39m28/05/2026, 16:23:21 [32m    LOG[39m [38;5;3m[InstanceLoader] [39m[32mDashboardModule dependencies initialized[39m[38;5;3m +0ms[39m
[32m[Nest] 28160  - [39m28/05/2026, 16:23:21 [32m    LOG[39m [38;5;3m[InstanceLoader] [39m[32mReceivablesModule dependencies initialized[39m[38;5;3m +0ms[39m
[32m[Nest] 28160  - [39m28/05/2026, 16:23:21 [32m    LOG[39m [38;5;3m[InstanceLoader] [39m[32mCashSessionsModule dependencies initialized[39m[38;5;3m +0ms[39m
[32m[Nest] 28160  - [39m28/05/2026, 16:23:21 [32m    LOG[39m [38;5;3m[InstanceLoader] [39m[32mBanksModule dependencies initialized[39m[38;5;3m +1ms[39m
[32m[Nest] 28160  - [39m28/05/2026, 16:23:21 [32m    LOG[39m [38;5;3m[InstanceLoader] [39m[32mProductsModule dependencies initialized[39m[38;5;3m +0ms[39m
[32m[Nest] 28160  - [39m28/05/2026, 16:23:21 [32m    LOG[39m [38;5;3m[InstanceLoader] [39m[32mPayablesModule dependencies initialized[39m[38;5;3m +0ms[39m
[32m[Nest] 28160  - [39m28/05/2026, 16:23:21 [32m    LOG[39m [38;5;3m[InstanceLoader] [39m[32mFiscalCertificatesModule dependencies initialized[39m[38;5;3m +0ms[39m
[32m[Nest] 28160  - [39m28/05/2026, 16:23:21 [32m    LOG[39m [38;5;3m[RoutesResolver] [39m[32mCompaniesController {/api/v1/companies}:[39m[38;5;3m +18ms[39m
[32m[Nest] 28160  - [39m28/05/2026, 16:23:21 [32m    LOG[39m [38;5;3m[RouterExplorer] [39m[32mMapped {/api/v1/companies, GET} route[39m[38;5;3m +1ms[39m
[32m[Nest] 28160  - [39m28/05/2026, 16:23:21 [32m    LOG[39m [38;5;3m[RouterExplorer] [39m[32mMapped {/api/v1/companies/sync-financial-settings, POST} route[39m[38;5;3m +1ms[39m
[32m[Nest] 28160  - [39m28/05/2026, 16:23:21 [32m    LOG[39m [38;5;3m[RouterExplorer] [39m[32mMapped {/api/v1/companies/:id/financial-settings, PATCH} route[39m[38;5;3m +0ms[39m
[32m[Nest] 28160  - [39m28/05/2026, 16:23:21 [32m    LOG[39m [38;5;3m[RouterExplorer] [39m[32mMapped {/api/v1/companies/:id/branches, GET} route[39m[38;5;3m +0ms[39m
[32m[Nest] 28160  - [39m28/05/2026, 16:23:21 [32m    LOG[39m [38;5;3m[RouterExplorer] [39m[32mMapped {/api/v1/companies/:id/branches, POST} route[39m[38;5;3m +0ms[39m
[32m[Nest] 28160  - [39m28/05/2026, 16:23:21 [32m    LOG[39m [38;5;3m[RouterExplorer] [39m[32mMapped {/api/v1/companies/:id/branches/:branchId, PATCH} route[39m[38;5;3m +1ms[39m
[32m[Nest] 28160  - [39m28/05/2026, 16:23:21 [32m    LOG[39m [38;5;3m[RoutesResolver] [39m[32mDashboardController {/api/v1/dashboard}:[39m[38;5;3m +0ms[39m
[32m[Nest] 28160  - [39m28/05/2026, 16:23:21 [32m    LOG[39m [38;5;3m[RouterExplorer] [39m[32mMapped {/api/v1/dashboard/overview, GET} route[39m[38;5;3m +0ms[39m
[32m[Nest] 28160  - [39m28/05/2026, 16:23:21 [32m    LOG[39m [38;5;3m[RoutesResolver] [39m[32mReceivablesController {/api/v1/receivables}:[39m[38;5;3m +0ms[39m
[32m[Nest] 28160  - [39m28/05/2026, 16:23:21 [32m    LOG[39m [38;5;3m[RouterExplorer] [39m[32mMapped {/api/v1/receivables/import, POST} route[39m[38;5;3m +1ms[39m
[32m[Nest] 28160  - [39m28/05/2026, 16:23:21 [32m    LOG[39m [38;5;3m[RouterExplorer] [39m[32mMapped {/api/v1/receivables/existing-business-keys, POST} route[39m[38;5;3m +0ms[39m
[32m[Nest] 28160  - [39m28/05/2026, 16:23:21 [32m    LOG[39m [38;5;3m[RouterExplorer] [39m[32mMapped {/api/v1/receivables/batches, GET} route[39m[38;5;3m +0ms[39m
[32m[Nest] 28160  - [39m28/05/2026, 16:23:21 [32m    LOG[39m [38;5;3m[RouterExplorer] [39m[32mMapped {/api/v1/receivables/batches/:batchId, GET} route[39m[38;5;3m +0ms[39m
[32m[Nest] 28160  - [39m28/05/2026, 16:23:21 [32m    LOG[39m [38;5;3m[RouterExplorer] [39m[32mMapped {/api/v1/receivables/batches/:batchId/assign-bank, POST} route[39m[38;5;3m +0ms[39m
[32m[Nest] 28160  - [39m28/05/2026, 16:23:21 [32m    LOG[39m [38;5;3m[RouterExplorer] [39m[32mMapped {/api/v1/receivables/batches/:batchId/reverse-bank-preparation, POST} route[39m[38;5;3m +1ms[39m
[32m[Nest] 28160  - [39m28/05/2026, 16:23:21 [32m    LOG[39m [38;5;3m[RouterExplorer] [39m[32mMapped {/api/v1/receivables/batches/:batchId/exclude-installments, POST} route[39m[38;5;3m +0ms[39m
[32m[Nest] 28160  - [39m28/05/2026, 16:23:21 [32m    LOG[39m [38;5;3m[RouterExplorer] [39m[32mMapped {/api/v1/receivables/batches/:batchId/issue-bank-slips, POST} route[39m[38;5;3m +0ms[39m
[32m[Nest] 28160  - [39m28/05/2026, 16:23:21 [32m    LOG[39m [38;5;3m[RouterExplorer] [39m[32mMapped {/api/v1/receivables/installments, GET} route[39m[38;5;3m +0ms[39m
[32m[Nest] 28160  - [39m28/05/2026, 16:23:21 [32m    LOG[39m [38;5;3m[RouterExplorer] [39m[32mMapped {/api/v1/receivables/installments/:installmentId, PATCH} route[39m[38;5;3m +0ms[39m
[32m[Nest] 28160  - [39m28/05/2026, 16:23:21 [32m    LOG[39m [38;5;3m[RouterExplorer] [39m[32mMapped {/api/v1/receivables/installments/:installmentId/bank-slip-pdf, GET} route[39m[38;5;3m +1ms[39m
[32m[Nest] 28160  - [39m28/05/2026, 16:23:21 [32m    LOG[39m [38;5;3m[RouterExplorer] [39m[32mMapped {/api/v1/receivables/bank-return-imports, GET} route[39m[38;5;3m +0ms[39m
[32m[Nest] 28160  - [39m28/05/2026, 16:23:21 [32m    LOG[39m [38;5;3m[RouterExplorer] [39m[32mMapped {/api/v1/receivables/bank-return-imports, POST} route[39m[38;5;3m +0ms[39m
[32m[Nest] 28160  - [39m28/05/2026, 16:23:21 [32m    LOG[39m [38;5;3m[RouterExplorer] [39m[32mMapped {/api/v1/receivables/bank-return-imports/:importId, GET} route[39m[38;5;3m +0ms[39m
[32m[Nest] 28160  - [39m28/05/2026, 16:23:21 [32m    LOG[39m [38;5;3m[RouterExplorer] [39m[32mMapped {/api/v1/receivables/bank-return-imports/:importId/apply-liquidations, POST} route[39m[38;5;3m +0ms[39m
[32m[Nest] 28160  - [39m28/05/2026, 16:23:21 [32m    LOG[39m [38;5;3m[RoutesResolver] [39m[32mCashSessionsController {/api/v1}:[39m[38;5;3m +1ms[39m
[32m[Nest] 28160  - [39m28/05/2026, 16:23:21 [32m    LOG[39m [38;5;3m[RouterExplorer] [39m[32mMapped {/api/v1/cash-sessions, GET} route[39m[38;5;3m +0ms[39m
[32m[Nest] 28160  - [39m28/05/2026, 16:23:21 [32m    LOG[39m [38;5;3m[RouterExplorer] [39m[32mMapped {/api/v1/cash-sessions/current, GET} route[39m[38;5;3m +0ms[39m
[32m[Nest] 28160  - [39m28/05/2026, 16:23:21 [32m    LOG[39m [38;5;3m[RouterExplorer] [39m[32mMapped {/api/v1/cash-sessions/:sessionId, GET} route[39m[38;5;3m +0ms[39m
[32m[Nest] 28160  - [39m28/05/2026, 16:23:21 [32m    LOG[39m [38;5;3m[RouterExplorer] [39m[32mMapped {/api/v1/cash-sessions/open, POST} route[39m[38;5;3m +0ms[39m
[32m[Nest] 28160  - [39m28/05/2026, 16:23:21 [32m    LOG[39m [38;5;3m[RouterExplorer] [39m[32mMapped {/api/v1/cash-sessions/close-current, POST} route[39m[38;5;3m +0ms[39m
[32m[Nest] 28160  - [39m28/05/2026, 16:23:21 [32m    LOG[39m [38;5;3m[RouterExplorer] [39m[32mMapped {/api/v1/cash-sessions/current/movements, POST} route[39m[38;5;3m +1ms[39m
[32m[Nest] 28160  - [39m28/05/2026, 16:23:21 [32m    LOG[39m [38;5;3m[RouterExplorer] [39m[32mMapped {/api/v1/receivables/installments/:installmentId/settle-cash, POST} route[39m[38;5;3m +0ms[39m
[32m[Nest] 28160  - [39m28/05/2026, 16:23:21 [32m    LOG[39m [38;5;3m[RouterExplorer] [39m[32mMapped {/api/v1/receivables/installments/:installmentId/settle-manual, POST} route[39m[38;5;3m +0ms[39m
[32m[Nest] 28160  - [39m28/05/2026, 16:23:21 [32m    LOG[39m [38;5;3m[RoutesResolver] [39m[32mBanksController {/api/v1/banks}:[39m[38;5;3m +0ms[39m
[32m[Nest] 28160  - [39m28/05/2026, 16:23:21 [32m    LOG[39m [38;5;3m[RouterExplorer] [39m[32mMapped {/api/v1/banks, GET} route[39m[38;5;3m +1ms[39m
[32m[Nest] 28160  - [39m28/05/2026, 16:23:21 [32m    LOG[39m [38;5;3m[RouterExplorer] [39m[32mMapped {/api/v1/banks/:bankId, GET} route[39m[38;5;3m +0ms[39m
[32m[Nest] 28160  - [39m28/05/2026, 16:23:21 [32m    LOG[39m [38;5;3m[RouterExplorer] [39m[32mMapped {/api/v1/banks/:bankId/statement/saved, GET} route[39m[38;5;3m +0ms[39m
[32m[Nest] 28160  - [39m28/05/2026, 16:23:21 [32m    LOG[39m [38;5;3m[RouterExplorer] [39m[32mMapped {/api/v1/banks/:bankId/statement, GET} route[39m[38;5;3m +0ms[39m
[32m[Nest] 28160  - [39m28/05/2026, 16:23:21 [32m    LOG[39m [38;5;3m[RouterExplorer] [39m[32mMapped {/api/v1/banks/:bankId/statement/movements/:movementId/reconcile, POST} route[39m[38;5;3m +1ms[39m
[32m[Nest] 28160  - [39m28/05/2026, 16:23:21 [32m    LOG[39m [38;5;3m[RouterExplorer] [39m[32mMapped {/api/v1/banks/:bankId/statement/movements/:movementId/unreconcile, POST} route[39m[38;5;3m +0ms[39m
[32m[Nest] 28160  - [39m28/05/2026, 16:23:21 [32m    LOG[39m [38;5;3m[RouterExplorer] [39m[32mMapped {/api/v1/banks/:bankId/statement/movements/:movementId/review, POST} route[39m[38;5;3m +0ms[39m
[32m[Nest] 28160  - [39m28/05/2026, 16:23:21 [32m    LOG[39m [38;5;3m[RouterExplorer] [39m[32mMapped {/api/v1/banks, POST} route[39m[38;5;3m +0ms[39m
[32m[Nest] 28160  - [39m28/05/2026, 16:23:21 [32m    LOG[39m [38;5;3m[RouterExplorer] [39m[32mMapped {/api/v1/banks/:bankId, PATCH} route[39m[38;5;3m +0ms[39m
[32m[Nest] 28160  - [39m28/05/2026, 16:23:21 [32m    LOG[39m [38;5;3m[RouterExplorer] [39m[32mMapped {/api/v1/banks/:bankId/activate, POST} route[39m[38;5;3m +1ms[39m
[32m[Nest] 28160  - [39m28/05/2026, 16:23:21 [32m    LOG[39m [38;5;3m[RouterExplorer] [39m[32mMapped {/api/v1/banks/:bankId/inactivate, POST} route[39m[38;5;3m +0ms[39m
[32m[Nest] 28160  - [39m28/05/2026, 16:23:21 [32m    LOG[39m [38;5;3m[RoutesResolver] [39m[32mProductsController {/api/v1/products}:[39m[38;5;3m +0ms[39m
[32m[Nest] 28160  - [39m28/05/2026, 16:23:21 [32m    LOG[39m [38;5;3m[RouterExplorer] [39m[32mMapped {/api/v1/products, GET} route[39m[38;5;3m +0ms[39m
[32m[Nest] 28160  - [39m28/05/2026, 16:23:21 [32m    LOG[39m [38;5;3m[RouterExplorer] [39m[32mMapped {/api/v1/products/stock-movements, GET} route[39m[38;5;3m +0ms[39m
[32m[Nest] 28160  - [39m28/05/2026, 16:23:21 [32m    LOG[39m [38;5;3m[RouterExplorer] [39m[32mMapped {/api/v1/products/:productId, GET} route[39m[38;5;3m +0ms[39m
[32m[Nest] 28160  - [39m28/05/2026, 16:23:21 [32m    LOG[39m [38;5;3m[RouterExplorer] [39m[32mMapped {/api/v1/products, POST} route[39m[38;5;3m +1ms[39m
[32m[Nest] 28160  - [39m28/05/2026, 16:23:21 [32m    LOG[39m [38;5;3m[RouterExplorer] [39m[32mMapped {/api/v1/products/:productId, PATCH} route[39m[38;5;3m +0ms[39m
[32m[Nest] 28160  - [39m28/05/2026, 16:23:21 [32m    LOG[39m [38;5;3m[RouterExplorer] [39m[32mMapped {/api/v1/products/:productId/activate, POST} route[39m[38;5;3m +0ms[39m
[32m[Nest] 28160  - [39m28/05/2026, 16:23:21 [32m    LOG[39m [38;5;3m[RouterExplorer] [39m[32mMapped {/api/v1/products/:productId/inactivate, POST} route[39m[38;5;3m +0ms[39m
[32m[Nest] 28160  - [39m28/05/2026, 16:23:21 [32m    LOG[39m [38;5;3m[RoutesResolver] [39m[32mPayablesController {/api/v1/payables}:[39m[38;5;3m +0ms[39m
[32m[Nest] 28160  - [39m28/05/2026, 16:23:21 [32m    LOG[39m [38;5;3m[RouterExplorer] [39m[32mMapped {/api/v1/payables/invoice-imports, GET} route[39m[38;5;3m +1ms[39m
[32m[Nest] 28160  - [39m28/05/2026, 16:23:21 [32m    LOG[39m [38;5;3m[RouterExplorer] [39m[32mMapped {/api/v1/payables/invoice-imports/:importId, GET} route[39m[38;5;3m +0ms[39m
[32m[Nest] 28160  - [39m28/05/2026, 16:23:21 [32m    LOG[39m [38;5;3m[RouterExplorer] [39m[32mMapped {/api/v1/payables/invoice-imports/from-xml, POST} route[39m[38;5;3m +0ms[39m
[32m[Nest] 28160  - [39m28/05/2026, 16:23:21 [32m    LOG[39m [38;5;3m[RouterExplorer] [39m[32mMapped {/api/v1/payables/invoice-imports/:importId/installments, PATCH} route[39m[38;5;3m +0ms[39m
[32m[Nest] 28160  - [39m28/05/2026, 16:23:21 [32m    LOG[39m [38;5;3m[RouterExplorer] [39m[32mMapped {/api/v1/payables/invoice-imports/:importId/approve, POST} route[39m[38;5;3m +0ms[39m
[32m[Nest] 28160  - [39m28/05/2026, 16:23:21 [32m    LOG[39m [38;5;3m[RoutesResolver] [39m[32mFiscalCertificatesController {/api/v1/fiscal-certificates}:[39m[38;5;3m +1ms[39m
[32m[Nest] 28160  - [39m28/05/2026, 16:23:21 [32m    LOG[39m [38;5;3m[RouterExplorer] [39m[32mMapped {/api/v1/fiscal-certificates, GET} route[39m[38;5;3m +0ms[39m
[32m[Nest] 28160  - [39m28/05/2026, 16:23:21 [32m    LOG[39m [38;5;3m[RouterExplorer] [39m[32mMapped {/api/v1/fiscal-certificates/:certificateId, GET} route[39m[38;5;3m +0ms[39m
[32m[Nest] 28160  - [39m28/05/2026, 16:23:21 [32m    LOG[39m [38;5;3m[RouterExplorer] [39m[32mMapped {/api/v1/fiscal-certificates, POST} route[39m[38;5;3m +0ms[39m
[32m[Nest] 28160  - [39m28/05/2026, 16:23:21 [32m    LOG[39m [38;5;3m[RouterExplorer] [39m[32mMapped {/api/v1/fiscal-certificates/:certificateId, PATCH} route[39m[38;5;3m +0ms[39m
[32m[Nest] 28160  - [39m28/05/2026, 16:23:21 [32m    LOG[39m [38;5;3m[RouterExplorer] [39m[32mMapped {/api/v1/fiscal-certificates/:certificateId/activate, POST} route[39m[38;5;3m +0ms[39m
[32m[Nest] 28160  - [39m28/05/2026, 16:23:21 [32m    LOG[39m [38;5;3m[RouterExplorer] [39m[32mMapped {/api/v1/fiscal-certificates/:certificateId/inactivate, POST} route[39m[38;5;3m +1ms[39m
[32m[Nest] 28160  - [39m28/05/2026, 16:23:21 [32m    LOG[39m [38;5;3m[RouterExplorer] [39m[32mMapped {/api/v1/fiscal-certificates/:certificateId/set-default, POST} route[39m[38;5;3m +0ms[39m
[32m[Nest] 28160  - [39m28/05/2026, 16:23:21 [32m    LOG[39m [38;5;3m[RouterExplorer] [39m[32mMapped {/api/v1/fiscal-certificates/:certificateId/sync-dfe, POST} route[39m[38;5;3m +0ms[39m
[32m[Nest] 28160  - [39m28/05/2026, 16:23:21 [32m    LOG[39m [38;5;3m[NestApplication] [39m[32mNest application successfully started[39m[38;5;3m +2ms[39m
[2J[3J[H[[90m17:01:34[0m] File change detected. Starting incremental compilation...

[96msrc/modules/banks/application/banks.service.ts[0m:[93m1278[0m:[93m48[0m - [91merror[0m[90m TS2345: [0mArgument of type 'string | null' is not assignable to parameter of type 'string'.
  Type 'null' is not assignable to type 'string'.

[7m1278[0m     if (!["REVIEWED", "NOT_REVIEWED"].includes(reviewStatus)) {
[7m    [0m [91m                                               ~~~~~~~~~~~~[0m

[[90m17:01:34[0m] Found 1 error. Watching for file changes.

[2J[3J[H[[90m17:02:29[0m] File change detected. Starting incremental compilation...

[96msrc/modules/banks/application/banks.service.ts[0m:[93m1278[0m:[93m48[0m - [91merror[0m[90m TS2345: [0mArgument of type 'string | null' is not assignable to parameter of type 'string'.
  Type 'null' is not assignable to type 'string'.

[7m1278[0m     if (!["REVIEWED", "NOT_REVIEWED"].includes(reviewStatus)) {
[7m    [0m [91m                                               ~~~~~~~~~~~~[0m

[[90m17:02:30[0m] Found 1 error. Watching for file changes.

[2J[3J[H[[90m17:02:40[0m] File change detected. Starting incremental compilation...

[[90m17:02:40[0m] Found 0 errors. Watching for file changes.

[32m[Nest] 45540  - [39m28/05/2026, 17:02:41 [32m    LOG[39m [38;5;3m[NestFactory] [39m[32mStarting Nest application...[39m
[32m[Nest] 45540  - [39m28/05/2026, 17:02:41 [32m    LOG[39m [38;5;3m[InstanceLoader] [39m[32mAppModule dependencies initialized[39m[38;5;3m +10ms[39m
[32m[Nest] 45540  - [39m28/05/2026, 17:02:41 [32m    LOG[39m [38;5;3m[InstanceLoader] [39m[32mPrismaModule dependencies initialized[39m[38;5;3m +2ms[39m
[32m[Nest] 45540  - [39m28/05/2026, 17:02:41 [32m    LOG[39m [38;5;3m[InstanceLoader] [39m[32mCompaniesModule dependencies initialized[39m[38;5;3m +3ms[39m
[32m[Nest] 45540  - [39m28/05/2026, 17:02:41 [32m    LOG[39m [38;5;3m[InstanceLoader] [39m[32mDashboardModule dependencies initialized[39m[38;5;3m +1ms[39m
[32m[Nest] 45540  - [39m28/05/2026, 17:02:41 [32m    LOG[39m [38;5;3m[InstanceLoader] [39m[32mReceivablesModule dependencies initialized[39m[38;5;3m +0ms[39m
[32m[Nest] 45540  - [39m28/05/2026, 17:02:41 [32m    LOG[39m [38;5;3m[InstanceLoader] [39m[32mCashSessionsModule dependencies initialized[39m[38;5;3m +0ms[39m
[32m[Nest] 45540  - [39m28/05/2026, 17:02:41 [32m    LOG[39m [38;5;3m[InstanceLoader] [39m[32mBanksModule dependencies initialized[39m[38;5;3m +0ms[39m
[32m[Nest] 45540  - [39m28/05/2026, 17:02:41 [32m    LOG[39m [38;5;3m[InstanceLoader] [39m[32mProductsModule dependencies initialized[39m[38;5;3m +0ms[39m
[32m[Nest] 45540  - [39m28/05/2026, 17:02:41 [32m    LOG[39m [38;5;3m[InstanceLoader] [39m[32mPayablesModule dependencies initialized[39m[38;5;3m +0ms[39m
[32m[Nest] 45540  - [39m28/05/2026, 17:02:41 [32m    LOG[39m [38;5;3m[InstanceLoader] [39m[32mFiscalCertificatesModule dependencies initialized[39m[38;5;3m +1ms[39m
[32m[Nest] 45540  - [39m28/05/2026, 17:02:41 [32m    LOG[39m [38;5;3m[RoutesResolver] [39m[32mCompaniesController {/api/v1/companies}:[39m[38;5;3m +18ms[39m
[32m[Nest] 45540  - [39m28/05/2026, 17:02:41 [32m    LOG[39m [38;5;3m[RouterExplorer] [39m[32mMapped {/api/v1/companies, GET} route[39m[38;5;3m +1ms[39m
[32m[Nest] 45540  - [39m28/05/2026, 17:02:41 [32m    LOG[39m [38;5;3m[RouterExplorer] [39m[32mMapped {/api/v1/companies/sync-financial-settings, POST} route[39m[38;5;3m +0ms[39m
[32m[Nest] 45540  - [39m28/05/2026, 17:02:41 [32m    LOG[39m [38;5;3m[RouterExplorer] [39m[32mMapped {/api/v1/companies/:id/financial-settings, PATCH} route[39m[38;5;3m +1ms[39m
[32m[Nest] 45540  - [39m28/05/2026, 17:02:41 [32m    LOG[39m [38;5;3m[RouterExplorer] [39m[32mMapped {/api/v1/companies/:id/branches, GET} route[39m[38;5;3m +0ms[39m
[32m[Nest] 45540  - [39m28/05/2026, 17:02:41 [32m    LOG[39m [38;5;3m[RouterExplorer] [39m[32mMapped {/api/v1/companies/:id/branches, POST} route[39m[38;5;3m +0ms[39m
[32m[Nest] 45540  - [39m28/05/2026, 17:02:41 [32m    LOG[39m [38;5;3m[RouterExplorer] [39m[32mMapped {/api/v1/companies/:id/branches/:branchId, PATCH} route[39m[38;5;3m +0ms[39m
[32m[Nest] 45540  - [39m28/05/2026, 17:02:41 [32m    LOG[39m [38;5;3m[RoutesResolver] [39m[32mDashboardController {/api/v1/dashboard}:[39m[38;5;3m +0ms[39m
[32m[Nest] 45540  - [39m28/05/2026, 17:02:41 [32m    LOG[39m [38;5;3m[RouterExplorer] [39m[32mMapped {/api/v1/dashboard/overview, GET} route[39m[38;5;3m +1ms[39m
[32m[Nest] 45540  - [39m28/05/2026, 17:02:41 [32m    LOG[39m [38;5;3m[RoutesResolver] [39m[32mReceivablesController {/api/v1/receivables}:[39m[38;5;3m +0ms[39m
[32m[Nest] 45540  - [39m28/05/2026, 17:02:41 [32m    LOG[39m [38;5;3m[RouterExplorer] [39m[32mMapped {/api/v1/receivables/import, POST} route[39m[38;5;3m +0ms[39m
[32m[Nest] 45540  - [39m28/05/2026, 17:02:41 [32m    LOG[39m [38;5;3m[RouterExplorer] [39m[32mMapped {/api/v1/receivables/existing-business-keys, POST} route[39m[38;5;3m +0ms[39m
[32m[Nest] 45540  - [39m28/05/2026, 17:02:41 [32m    LOG[39m [38;5;3m[RouterExplorer] [39m[32mMapped {/api/v1/receivables/batches, GET} route[39m[38;5;3m +1ms[39m
[32m[Nest] 45540  - [39m28/05/2026, 17:02:41 [32m    LOG[39m [38;5;3m[RouterExplorer] [39m[32mMapped {/api/v1/receivables/batches/:batchId, GET} route[39m[38;5;3m +0ms[39m
[32m[Nest] 45540  - [39m28/05/2026, 17:02:41 [32m    LOG[39m [38;5;3m[RouterExplorer] [39m[32mMapped {/api/v1/receivables/batches/:batchId/assign-bank, POST} route[39m[38;5;3m +0ms[39m
[32m[Nest] 45540  - [39m28/05/2026, 17:02:41 [32m    LOG[39m [38;5;3m[RouterExplorer] [39m[32mMapped {/api/v1/receivables/batches/:batchId/reverse-bank-preparation, POST} route[39m[38;5;3m +0ms[39m
[32m[Nest] 45540  - [39m28/05/2026, 17:02:41 [32m    LOG[39m [38;5;3m[RouterExplorer] [39m[32mMapped {/api/v1/receivables/batches/:batchId/exclude-installments, POST} route[39m[38;5;3m +0ms[39m
[32m[Nest] 45540  - [39m28/05/2026, 17:02:41 [32m    LOG[39m [38;5;3m[RouterExplorer] [39m[32mMapped {/api/v1/receivables/batches/:batchId/issue-bank-slips, POST} route[39m[38;5;3m +1ms[39m
[32m[Nest] 45540  - [39m28/05/2026, 17:02:41 [32m    LOG[39m [38;5;3m[RouterExplorer] [39m[32mMapped {/api/v1/receivables/installments, GET} route[39m[38;5;3m +0ms[39m
[32m[Nest] 45540  - [39m28/05/2026, 17:02:41 [32m    LOG[39m [38;5;3m[RouterExplorer] [39m[32mMapped {/api/v1/receivables/installments/:installmentId, PATCH} route[39m[38;5;3m +0ms[39m
[32m[Nest] 45540  - [39m28/05/2026, 17:02:41 [32m    LOG[39m [38;5;3m[RouterExplorer] [39m[32mMapped {/api/v1/receivables/installments/:installmentId/bank-slip-pdf, GET} route[39m[38;5;3m +0ms[39m
[32m[Nest] 45540  - [39m28/05/2026, 17:02:41 [32m    LOG[39m [38;5;3m[RouterExplorer] [39m[32mMapped {/api/v1/receivables/bank-return-imports, GET} route[39m[38;5;3m +0ms[39m
[32m[Nest] 45540  - [39m28/05/2026, 17:02:41 [32m    LOG[39m [38;5;3m[RouterExplorer] [39m[32mMapped {/api/v1/receivables/bank-return-imports, POST} route[39m[38;5;3m +1ms[39m
[32m[Nest] 45540  - [39m28/05/2026, 17:02:41 [32m    LOG[39m [38;5;3m[RouterExplorer] [39m[32mMapped {/api/v1/receivables/bank-return-imports/:importId, GET} route[39m[38;5;3m +0ms[39m
[32m[Nest] 45540  - [39m28/05/2026, 17:02:41 [32m    LOG[39m [38;5;3m[RouterExplorer] [39m[32mMapped {/api/v1/receivables/bank-return-imports/:importId/apply-liquidations, POST} route[39m[38;5;3m +0ms[39m
[32m[Nest] 45540  - [39m28/05/2026, 17:02:41 [32m    LOG[39m [38;5;3m[RoutesResolver] [39m[32mCashSessionsController {/api/v1}:[39m[38;5;3m +0ms[39m
[32m[Nest] 45540  - [39m28/05/2026, 17:02:41 [32m    LOG[39m [38;5;3m[RouterExplorer] [39m[32mMapped {/api/v1/cash-sessions, GET} route[39m[38;5;3m +0ms[39m
[32m[Nest] 45540  - [39m28/05/2026, 17:02:41 [32m    LOG[39m [38;5;3m[RouterExplorer] [39m[32mMapped {/api/v1/cash-sessions/current, GET} route[39m[38;5;3m +1ms[39m
[32m[Nest] 45540  - [39m28/05/2026, 17:02:41 [32m    LOG[39m [38;5;3m[RouterExplorer] [39m[32mMapped {/api/v1/cash-sessions/:sessionId, GET} route[39m[38;5;3m +0ms[39m
[32m[Nest] 45540  - [39m28/05/2026, 17:02:41 [32m    LOG[39m [38;5;3m[RouterExplorer] [39m[32mMapped {/api/v1/cash-sessions/open, POST} route[39m[38;5;3m +0ms[39m
[32m[Nest] 45540  - [39m28/05/2026, 17:02:41 [32m    LOG[39m [38;5;3m[RouterExplorer] [39m[32mMapped {/api/v1/cash-sessions/close-current, POST} route[39m[38;5;3m +0ms[39m
[32m[Nest] 45540  - [39m28/05/2026, 17:02:41 [32m    LOG[39m [38;5;3m[RouterExplorer] [39m[32mMapped {/api/v1/cash-sessions/current/movements, POST} route[39m[38;5;3m +0ms[39m
[32m[Nest] 45540  - [39m28/05/2026, 17:02:41 [32m    LOG[39m [38;5;3m[RouterExplorer] [39m[32mMapped {/api/v1/receivables/installments/:installmentId/settle-cash, POST} route[39m[38;5;3m +0ms[39m
[32m[Nest] 45540  - [39m28/05/2026, 17:02:41 [32m    LOG[39m [38;5;3m[RouterExplorer] [39m[32mMapped {/api/v1/receivables/installments/:installmentId/settle-manual, POST} route[39m[38;5;3m +1ms[39m
[32m[Nest] 45540  - [39m28/05/2026, 17:02:41 [32m    LOG[39m [38;5;3m[RoutesResolver] [39m[32mBanksController {/api/v1/banks}:[39m[38;5;3m +0ms[39m
[32m[Nest] 45540  - [39m28/05/2026, 17:02:41 [32m    LOG[39m [38;5;3m[RouterExplorer] [39m[32mMapped {/api/v1/banks, GET} route[39m[38;5;3m +0ms[39m
[32m[Nest] 45540  - [39m28/05/2026, 17:02:41 [32m    LOG[39m [38;5;3m[RouterExplorer] [39m[32mMapped {/api/v1/banks/:bankId, GET} route[39m[38;5;3m +0ms[39m
[32m[Nest] 45540  - [39m28/05/2026, 17:02:41 [32m    LOG[39m [38;5;3m[RouterExplorer] [39m[32mMapped {/api/v1/banks/:bankId/statement/saved, GET} route[39m[38;5;3m +0ms[39m
[32m[Nest] 45540  - [39m28/05/2026, 17:02:41 [32m    LOG[39m [38;5;3m[RouterExplorer] [39m[32mMapped {/api/v1/banks/:bankId/statement, GET} route[39m[38;5;3m +0ms[39m
[32m[Nest] 45540  - [39m28/05/2026, 17:02:41 [32m    LOG[39m [38;5;3m[RouterExplorer] [39m[32mMapped {/api/v1/banks/:bankId/statement/movements/:movementId/reconcile, POST} route[39m[38;5;3m +1ms[39m
[32m[Nest] 45540  - [39m28/05/2026, 17:02:41 [32m    LOG[39m [38;5;3m[RouterExplorer] [39m[32mMapped {/api/v1/banks/:bankId/statement/movements/:movementId/unreconcile, POST} route[39m[38;5;3m +0ms[39m
[32m[Nest] 45540  - [39m28/05/2026, 17:02:41 [32m    LOG[39m [38;5;3m[RouterExplorer] [39m[32mMapped {/api/v1/banks/:bankId/statement/movements/:movementId/review, POST} route[39m[38;5;3m +0ms[39m
[32m[Nest] 45540  - [39m28/05/2026, 17:02:41 [32m    LOG[39m [38;5;3m[RouterExplorer] [39m[32mMapped {/api/v1/banks/:bankId/statement/movements/review-bulk, POST} route[39m[38;5;3m +0ms[39m
[32m[Nest] 45540  - [39m28/05/2026, 17:02:41 [32m    LOG[39m [38;5;3m[RouterExplorer] [39m[32mMapped {/api/v1/banks, POST} route[39m[38;5;3m +0ms[39m
[32m[Nest] 45540  - [39m28/05/2026, 17:02:41 [32m    LOG[39m [38;5;3m[RouterExplorer] [39m[32mMapped {/api/v1/banks/:bankId, PATCH} route[39m[38;5;3m +1ms[39m
[32m[Nest] 45540  - [39m28/05/2026, 17:02:41 [32m    LOG[39m [38;5;3m[RouterExplorer] [39m[32mMapped {/api/v1/banks/:bankId/activate, POST} route[39m[38;5;3m +0ms[39m
[32m[Nest] 45540  - [39m28/05/2026, 17:02:41 [32m    LOG[39m [38;5;3m[RouterExplorer] [39m[32mMapped {/api/v1/banks/:bankId/inactivate, POST} route[39m[38;5;3m +0ms[39m
[32m[Nest] 45540  - [39m28/05/2026, 17:02:41 [32m    LOG[39m [38;5;3m[RoutesResolver] [39m[32mProductsController {/api/v1/products}:[39m[38;5;3m +0ms[39m
[32m[Nest] 45540  - [39m28/05/2026, 17:02:41 [32m    LOG[39m [38;5;3m[RouterExplorer] [39m[32mMapped {/api/v1/products, GET} route[39m[38;5;3m +0ms[39m
[32m[Nest] 45540  - [39m28/05/2026, 17:02:41 [32m    LOG[39m [38;5;3m[RouterExplorer] [39m[32mMapped {/api/v1/products/stock-movements, GET} route[39m[38;5;3m +0ms[39m
[32m[Nest] 45540  - [39m28/05/2026, 17:02:41 [32m    LOG[39m [38;5;3m[RouterExplorer] [39m[32mMapped {/api/v1/products/:productId, GET} route[39m[38;5;3m +1ms[39m
[32m[Nest] 45540  - [39m28/05/2026, 17:02:41 [32m    LOG[39m [38;5;3m[RouterExplorer] [39m[32mMapped {/api/v1/products, POST} route[39m[38;5;3m +0ms[39m
[32m[Nest] 45540  - [39m28/05/2026, 17:02:41 [32m    LOG[39m [38;5;3m[RouterExplorer] [39m[32mMapped {/api/v1/products/:productId, PATCH} route[39m[38;5;3m +0ms[39m
[32m[Nest] 45540  - [39m28/05/2026, 17:02:41 [32m    LOG[39m [38;5;3m[RouterExplorer] [39m[32mMapped {/api/v1/products/:productId/activate, POST} route[39m[38;5;3m +0ms[39m
[32m[Nest] 45540  - [39m28/05/2026, 17:02:41 [32m    LOG[39m [38;5;3m[RouterExplorer] [39m[32mMapped {/api/v1/products/:productId/inactivate, POST} route[39m[38;5;3m +0ms[39m
[32m[Nest] 45540  - [39m28/05/2026, 17:02:41 [32m    LOG[39m [38;5;3m[RoutesResolver] [39m[32mPayablesController {/api/v1/payables}:[39m[38;5;3m +0ms[39m
[32m[Nest] 45540  - [39m28/05/2026, 17:02:41 [32m    LOG[39m [38;5;3m[RouterExplorer] [39m[32mMapped {/api/v1/payables/invoice-imports, GET} route[39m[38;5;3m +1ms[39m
[32m[Nest] 45540  - [39m28/05/2026, 17:02:41 [32m    LOG[39m [38;5;3m[RouterExplorer] [39m[32mMapped {/api/v1/payables/invoice-imports/:importId, GET} route[39m[38;5;3m +0ms[39m
[32m[Nest] 45540  - [39m28/05/2026, 17:02:41 [32m    LOG[39m [38;5;3m[RouterExplorer] [39m[32mMapped {/api/v1/payables/invoice-imports/from-xml, POST} route[39m[38;5;3m +0ms[39m
[32m[Nest] 45540  - [39m28/05/2026, 17:02:41 [32m    LOG[39m [38;5;3m[RouterExplorer] [39m[32mMapped {/api/v1/payables/invoice-imports/:importId/installments, PATCH} route[39m[38;5;3m +0ms[39m
[32m[Nest] 45540  - [39m28/05/2026, 17:02:41 [32m    LOG[39m [38;5;3m[RouterExplorer] [39m[32mMapped {/api/v1/payables/invoice-imports/:importId/approve, POST} route[39m[38;5;3m +0ms[39m
[32m[Nest] 45540  - [39m28/05/2026, 17:02:41 [32m    LOG[39m [38;5;3m[RoutesResolver] [39m[32mFiscalCertificatesController {/api/v1/fiscal-certificates}:[39m[38;5;3m +0ms[39m
[32m[Nest] 45540  - [39m28/05/2026, 17:02:41 [32m    LOG[39m [38;5;3m[RouterExplorer] [39m[32mMapped {/api/v1/fiscal-certificates, GET} route[39m[38;5;3m +1ms[39m
[32m[Nest] 45540  - [39m28/05/2026, 17:02:41 [32m    LOG[39m [38;5;3m[RouterExplorer] [39m[32mMapped {/api/v1/fiscal-certificates/:certificateId, GET} route[39m[38;5;3m +0ms[39m
[32m[Nest] 45540  - [39m28/05/2026, 17:02:41 [32m    LOG[39m [38;5;3m[RouterExplorer] [39m[32mMapped {/api/v1/fiscal-certificates, POST} route[39m[38;5;3m +0ms[39m
[32m[Nest] 45540  - [39m28/05/2026, 17:02:41 [32m    LOG[39m [38;5;3m[RouterExplorer] [39m[32mMapped {/api/v1/fiscal-certificates/:certificateId, PATCH} route[39m[38;5;3m +0ms[39m
[32m[Nest] 45540  - [39m28/05/2026, 17:02:41 [32m    LOG[39m [38;5;3m[RouterExplorer] [39m[32mMapped {/api/v1/fiscal-certificates/:certificateId/activate, POST} route[39m[38;5;3m +1ms[39m
[32m[Nest] 45540  - [39m28/05/2026, 17:02:41 [32m    LOG[39m [38;5;3m[RouterExplorer] [39m[32mMapped {/api/v1/fiscal-certificates/:certificateId/inactivate, POST} route[39m[38;5;3m +0ms[39m
[32m[Nest] 45540  - [39m28/05/2026, 17:02:41 [32m    LOG[39m [38;5;3m[RouterExplorer] [39m[32mMapped {/api/v1/fiscal-certificates/:certificateId/set-default, POST} route[39m[38;5;3m +0ms[39m
[32m[Nest] 45540  - [39m28/05/2026, 17:02:41 [32m    LOG[39m [38;5;3m[RouterExplorer] [39m[32mMapped {/api/v1/fiscal-certificates/:certificateId/sync-dfe, POST} route[39m[38;5;3m +0ms[39m
[32m[Nest] 45540  - [39m28/05/2026, 17:02:41 [32m    LOG[39m [38;5;3m[NestApplication] [39m[32mNest application successfully started[39m[38;5;3m +2ms[39m
[2J[3J[H[[90m17:39:29[0m] File change detected. Starting incremental compilation...

[[90m17:39:30[0m] Found 0 errors. Watching for file changes.

[32m[Nest] 36260  - [39m28/05/2026, 17:39:31 [32m    LOG[39m [38;5;3m[NestFactory] [39m[32mStarting Nest application...[39m
[32m[Nest] 36260  - [39m28/05/2026, 17:39:31 [32m    LOG[39m [38;5;3m[InstanceLoader] [39m[32mAppModule dependencies initialized[39m[38;5;3m +12ms[39m
[32m[Nest] 36260  - [39m28/05/2026, 17:39:31 [32m    LOG[39m [38;5;3m[InstanceLoader] [39m[32mPrismaModule dependencies initialized[39m[38;5;3m +3ms[39m
[32m[Nest] 36260  - [39m28/05/2026, 17:39:31 [32m    LOG[39m [38;5;3m[InstanceLoader] [39m[32mCompaniesModule dependencies initialized[39m[38;5;3m +4ms[39m
[32m[Nest] 36260  - [39m28/05/2026, 17:39:31 [32m    LOG[39m [38;5;3m[InstanceLoader] [39m[32mDashboardModule dependencies initialized[39m[38;5;3m +0ms[39m
[32m[Nest] 36260  - [39m28/05/2026, 17:39:31 [32m    LOG[39m [38;5;3m[InstanceLoader] [39m[32mReceivablesModule dependencies initialized[39m[38;5;3m +0ms[39m
[32m[Nest] 36260  - [39m28/05/2026, 17:39:31 [32m    LOG[39m [38;5;3m[InstanceLoader] [39m[32mCashSessionsModule dependencies initialized[39m[38;5;3m +0ms[39m
[32m[Nest] 36260  - [39m28/05/2026, 17:39:31 [32m    LOG[39m [38;5;3m[InstanceLoader] [39m[32mBanksModule dependencies initialized[39m[38;5;3m +0ms[39m
[32m[Nest] 36260  - [39m28/05/2026, 17:39:31 [32m    LOG[39m [38;5;3m[InstanceLoader] [39m[32mProductsModule dependencies initialized[39m[38;5;3m +1ms[39m
[32m[Nest] 36260  - [39m28/05/2026, 17:39:31 [32m    LOG[39m [38;5;3m[InstanceLoader] [39m[32mPayablesModule dependencies initialized[39m[38;5;3m +0ms[39m
[32m[Nest] 36260  - [39m28/05/2026, 17:39:31 [32m    LOG[39m [38;5;3m[InstanceLoader] [39m[32mFiscalCertificatesModule dependencies initialized[39m[38;5;3m +0ms[39m
[32m[Nest] 36260  - [39m28/05/2026, 17:39:31 [32m    LOG[39m [38;5;3m[RoutesResolver] [39m[32mCompaniesController {/api/v1/companies}:[39m[38;5;3m +23ms[39m
[32m[Nest] 36260  - [39m28/05/2026, 17:39:31 [32m    LOG[39m [38;5;3m[RouterExplorer] [39m[32mMapped {/api/v1/companies, GET} route[39m[38;5;3m +2ms[39m
[32m[Nest] 36260  - [39m28/05/2026, 17:39:31 [32m    LOG[39m [38;5;3m[RouterExplorer] [39m[32mMapped {/api/v1/companies/sync-financial-settings, POST} route[39m[38;5;3m +0ms[39m
[32m[Nest] 36260  - [39m28/05/2026, 17:39:31 [32m    LOG[39m [38;5;3m[RouterExplorer] [39m[32mMapped {/api/v1/companies/:id/financial-settings, PATCH} route[39m[38;5;3m +0ms[39m
[32m[Nest] 36260  - [39m28/05/2026, 17:39:31 [32m    LOG[39m [38;5;3m[RouterExplorer] [39m[32mMapped {/api/v1/companies/:id/branches, GET} route[39m[38;5;3m +1ms[39m
[32m[Nest] 36260  - [39m28/05/2026, 17:39:31 [32m    LOG[39m [38;5;3m[RouterExplorer] [39m[32mMapped {/api/v1/companies/:id/branches, POST} route[39m[38;5;3m +0ms[39m
[32m[Nest] 36260  - [39m28/05/2026, 17:39:31 [32m    LOG[39m [38;5;3m[RouterExplorer] [39m[32mMapped {/api/v1/companies/:id/branches/:branchId, PATCH} route[39m[38;5;3m +0ms[39m
[32m[Nest] 36260  - [39m28/05/2026, 17:39:31 [32m    LOG[39m [38;5;3m[RoutesResolver] [39m[32mDashboardController {/api/v1/dashboard}:[39m[38;5;3m +0ms[39m
[32m[Nest] 36260  - [39m28/05/2026, 17:39:31 [32m    LOG[39m [38;5;3m[RouterExplorer] [39m[32mMapped {/api/v1/dashboard/overview, GET} route[39m[38;5;3m +1ms[39m
[32m[Nest] 36260  - [39m28/05/2026, 17:39:31 [32m    LOG[39m [38;5;3m[RoutesResolver] [39m[32mReceivablesController {/api/v1/receivables}:[39m[38;5;3m +0ms[39m
[32m[Nest] 36260  - [39m28/05/2026, 17:39:31 [32m    LOG[39m [38;5;3m[RouterExplorer] [39m[32mMapped {/api/v1/receivables/import, POST} route[39m[38;5;3m +0ms[39m
[32m[Nest] 36260  - [39m28/05/2026, 17:39:31 [32m    LOG[39m [38;5;3m[RouterExplorer] [39m[32mMapped {/api/v1/receivables/existing-business-keys, POST} route[39m[38;5;3m +0ms[39m
[32m[Nest] 36260  - [39m28/05/2026, 17:39:31 [32m    LOG[39m [38;5;3m[RouterExplorer] [39m[32mMapped {/api/v1/receivables/batches, GET} route[39m[38;5;3m +1ms[39m
[32m[Nest] 36260  - [39m28/05/2026, 17:39:31 [32m    LOG[39m [38;5;3m[RouterExplorer] [39m[32mMapped {/api/v1/receivables/batches/:batchId, GET} route[39m[38;5;3m +0ms[39m
[32m[Nest] 36260  - [39m28/05/2026, 17:39:31 [32m    LOG[39m [38;5;3m[RouterExplorer] [39m[32mMapped {/api/v1/receivables/batches/:batchId/assign-bank, POST} route[39m[38;5;3m +0ms[39m
[32m[Nest] 36260  - [39m28/05/2026, 17:39:31 [32m    LOG[39m [38;5;3m[RouterExplorer] [39m[32mMapped {/api/v1/receivables/batches/:batchId/reverse-bank-preparation, POST} route[39m[38;5;3m +0ms[39m
[32m[Nest] 36260  - [39m28/05/2026, 17:39:31 [32m    LOG[39m [38;5;3m[RouterExplorer] [39m[32mMapped {/api/v1/receivables/batches/:batchId/exclude-installments, POST} route[39m[38;5;3m +1ms[39m
[32m[Nest] 36260  - [39m28/05/2026, 17:39:31 [32m    LOG[39m [38;5;3m[RouterExplorer] [39m[32mMapped {/api/v1/receivables/batches/:batchId/issue-bank-slips, POST} route[39m[38;5;3m +0ms[39m
[32m[Nest] 36260  - [39m28/05/2026, 17:39:31 [32m    LOG[39m [38;5;3m[RouterExplorer] [39m[32mMapped {/api/v1/receivables/installments, GET} route[39m[38;5;3m +0ms[39m
[32m[Nest] 36260  - [39m28/05/2026, 17:39:31 [32m    LOG[39m [38;5;3m[RouterExplorer] [39m[32mMapped {/api/v1/receivables/installments/:installmentId, PATCH} route[39m[38;5;3m +0ms[39m
[32m[Nest] 36260  - [39m28/05/2026, 17:39:31 [32m    LOG[39m [38;5;3m[RouterExplorer] [39m[32mMapped {/api/v1/receivables/installments/:installmentId/bank-slip-pdf, GET} route[39m[38;5;3m +0ms[39m
[32m[Nest] 36260  - [39m28/05/2026, 17:39:31 [32m    LOG[39m [38;5;3m[RouterExplorer] [39m[32mMapped {/api/v1/receivables/bank-return-imports, GET} route[39m[38;5;3m +0ms[39m
[32m[Nest] 36260  - [39m28/05/2026, 17:39:31 [32m    LOG[39m [38;5;3m[RouterExplorer] [39m[32mMapped {/api/v1/receivables/bank-return-imports, POST} route[39m[38;5;3m +1ms[39m
[32m[Nest] 36260  - [39m28/05/2026, 17:39:31 [32m    LOG[39m [38;5;3m[RouterExplorer] [39m[32mMapped {/api/v1/receivables/bank-return-imports/:importId, GET} route[39m[38;5;3m +0ms[39m
[32m[Nest] 36260  - [39m28/05/2026, 17:39:31 [32m    LOG[39m [38;5;3m[RouterExplorer] [39m[32mMapped {/api/v1/receivables/bank-return-imports/:importId/apply-liquidations, POST} route[39m[38;5;3m +0ms[39m
[32m[Nest] 36260  - [39m28/05/2026, 17:39:31 [32m    LOG[39m [38;5;3m[RoutesResolver] [39m[32mCashSessionsController {/api/v1}:[39m[38;5;3m +0ms[39m
[32m[Nest] 36260  - [39m28/05/2026, 17:39:31 [32m    LOG[39m [38;5;3m[RouterExplorer] [39m[32mMapped {/api/v1/cash-sessions, GET} route[39m[38;5;3m +0ms[39m
[32m[Nest] 36260  - [39m28/05/2026, 17:39:31 [32m    LOG[39m [38;5;3m[RouterExplorer] [39m[32mMapped {/api/v1/cash-sessions/current, GET} route[39m[38;5;3m +1ms[39m
[32m[Nest] 36260  - [39m28/05/2026, 17:39:31 [32m    LOG[39m [38;5;3m[RouterExplorer] [39m[32mMapped {/api/v1/cash-sessions/:sessionId, GET} route[39m[38;5;3m +0ms[39m
[32m[Nest] 36260  - [39m28/05/2026, 17:39:31 [32m    LOG[39m [38;5;3m[RouterExplorer] [39m[32mMapped {/api/v1/cash-sessions/open, POST} route[39m[38;5;3m +0ms[39m
[32m[Nest] 36260  - [39m28/05/2026, 17:39:31 [32m    LOG[39m [38;5;3m[RouterExplorer] [39m[32mMapped {/api/v1/cash-sessions/close-current, POST} route[39m[38;5;3m +0ms[39m
[32m[Nest] 36260  - [39m28/05/2026, 17:39:31 [32m    LOG[39m [38;5;3m[RouterExplorer] [39m[32mMapped {/api/v1/cash-sessions/current/movements, POST} route[39m[38;5;3m +1ms[39m
[32m[Nest] 36260  - [39m28/05/2026, 17:39:31 [32m    LOG[39m [38;5;3m[RouterExplorer] [39m[32mMapped {/api/v1/receivables/installments/:installmentId/settle-cash, POST} route[39m[38;5;3m +0ms[39m
[32m[Nest] 36260  - [39m28/05/2026, 17:39:31 [32m    LOG[39m [38;5;3m[RouterExplorer] [39m[32mMapped {/api/v1/receivables/installments/:installmentId/settle-manual, POST} route[39m[38;5;3m +0ms[39m
[32m[Nest] 36260  - [39m28/05/2026, 17:39:31 [32m    LOG[39m [38;5;3m[RoutesResolver] [39m[32mBanksController {/api/v1/banks}:[39m[38;5;3m +1ms[39m
[32m[Nest] 36260  - [39m28/05/2026, 17:39:31 [32m    LOG[39m [38;5;3m[RouterExplorer] [39m[32mMapped {/api/v1/banks, GET} route[39m[38;5;3m +0ms[39m
[32m[Nest] 36260  - [39m28/05/2026, 17:39:31 [32m    LOG[39m [38;5;3m[RouterExplorer] [39m[32mMapped {/api/v1/banks/:bankId, GET} route[39m[38;5;3m +0ms[39m
[32m[Nest] 36260  - [39m28/05/2026, 17:39:31 [32m    LOG[39m [38;5;3m[RouterExplorer] [39m[32mMapped {/api/v1/banks/:bankId/statement/saved, GET} route[39m[38;5;3m +0ms[39m
[32m[Nest] 36260  - [39m28/05/2026, 17:39:31 [32m    LOG[39m [38;5;3m[RouterExplorer] [39m[32mMapped {/api/v1/banks/:bankId/statement, GET} route[39m[38;5;3m +0ms[39m
[32m[Nest] 36260  - [39m28/05/2026, 17:39:31 [32m    LOG[39m [38;5;3m[RouterExplorer] [39m[32mMapped {/api/v1/banks/:bankId/statement/movements/:movementId/reconcile, POST} route[39m[38;5;3m +1ms[39m
[32m[Nest] 36260  - [39m28/05/2026, 17:39:31 [32m    LOG[39m [38;5;3m[RouterExplorer] [39m[32mMapped {/api/v1/banks/:bankId/statement/movements/:movementId/unreconcile, POST} route[39m[38;5;3m +0ms[39m
[32m[Nest] 36260  - [39m28/05/2026, 17:39:31 [32m    LOG[39m [38;5;3m[RouterExplorer] [39m[32mMapped {/api/v1/banks/:bankId/statement/movements/:movementId/review, POST} route[39m[38;5;3m +0ms[39m
[32m[Nest] 36260  - [39m28/05/2026, 17:39:31 [32m    LOG[39m [38;5;3m[RouterExplorer] [39m[32mMapped {/api/v1/banks/:bankId/statement/movements/review-bulk, POST} route[39m[38;5;3m +0ms[39m
[32m[Nest] 36260  - [39m28/05/2026, 17:39:31 [32m    LOG[39m [38;5;3m[RouterExplorer] [39m[32mMapped {/api/v1/banks, POST} route[39m[38;5;3m +0ms[39m
[32m[Nest] 36260  - [39m28/05/2026, 17:39:31 [32m    LOG[39m [38;5;3m[RouterExplorer] [39m[32mMapped {/api/v1/banks/:bankId, PATCH} route[39m[38;5;3m +1ms[39m
[32m[Nest] 36260  - [39m28/05/2026, 17:39:31 [32m    LOG[39m [38;5;3m[RouterExplorer] [39m[32mMapped {/api/v1/banks/:bankId/activate, POST} route[39m[38;5;3m +0ms[39m
[32m[Nest] 36260  - [39m28/05/2026, 17:39:31 [32m    LOG[39m [38;5;3m[RouterExplorer] [39m[32mMapped {/api/v1/banks/:bankId/inactivate, POST} route[39m[38;5;3m +0ms[39m
[32m[Nest] 36260  - [39m28/05/2026, 17:39:31 [32m    LOG[39m [38;5;3m[RoutesResolver] [39m[32mProductsController {/api/v1/products}:[39m[38;5;3m +0ms[39m
[32m[Nest] 36260  - [39m28/05/2026, 17:39:31 [32m    LOG[39m [38;5;3m[RouterExplorer] [39m[32mMapped {/api/v1/products, GET} route[39m[38;5;3m +0ms[39m
[32m[Nest] 36260  - [39m28/05/2026, 17:39:31 [32m    LOG[39m [38;5;3m[RouterExplorer] [39m[32mMapped {/api/v1/products/stock-movements, GET} route[39m[38;5;3m +1ms[39m
[32m[Nest] 36260  - [39m28/05/2026, 17:39:31 [32m    LOG[39m [38;5;3m[RouterExplorer] [39m[32mMapped {/api/v1/products/:productId, GET} route[39m[38;5;3m +0ms[39m
[32m[Nest] 36260  - [39m28/05/2026, 17:39:31 [32m    LOG[39m [38;5;3m[RouterExplorer] [39m[32mMapped {/api/v1/products, POST} route[39m[38;5;3m +0ms[39m
[32m[Nest] 36260  - [39m28/05/2026, 17:39:31 [32m    LOG[39m [38;5;3m[RouterExplorer] [39m[32mMapped {/api/v1/products/:productId, PATCH} route[39m[38;5;3m +0ms[39m
[32m[Nest] 36260  - [39m28/05/2026, 17:39:31 [32m    LOG[39m [38;5;3m[RouterExplorer] [39m[32mMapped {/api/v1/products/:productId/activate, POST} route[39m[38;5;3m +0ms[39m
[32m[Nest] 36260  - [39m28/05/2026, 17:39:31 [32m    LOG[39m [38;5;3m[RouterExplorer] [39m[32mMapped {/api/v1/products/:productId/inactivate, POST} route[39m[38;5;3m +1ms[39m
[32m[Nest] 36260  - [39m28/05/2026, 17:39:31 [32m    LOG[39m [38;5;3m[RoutesResolver] [39m[32mPayablesController {/api/v1/payables}:[39m[38;5;3m +0ms[39m
[32m[Nest] 36260  - [39m28/05/2026, 17:39:31 [32m    LOG[39m [38;5;3m[RouterExplorer] [39m[32mMapped {/api/v1/payables/invoice-imports, GET} route[39m[38;5;3m +0ms[39m
[32m[Nest] 36260  - [39m28/05/2026, 17:39:31 [32m    LOG[39m [38;5;3m[RouterExplorer] [39m[32mMapped {/api/v1/payables/invoice-imports/:importId, GET} route[39m[38;5;3m +0ms[39m
[32m[Nest] 36260  - [39m28/05/2026, 17:39:31 [32m    LOG[39m [38;5;3m[RouterExplorer] [39m[32mMapped {/api/v1/payables/invoice-imports/from-xml, POST} route[39m[38;5;3m +1ms[39m
[32m[Nest] 36260  - [39m28/05/2026, 17:39:31 [32m    LOG[39m [38;5;3m[RouterExplorer] [39m[32mMapped {/api/v1/payables/invoice-imports/:importId/installments, PATCH} route[39m[38;5;3m +0ms[39m
[32m[Nest] 36260  - [39m28/05/2026, 17:39:31 [32m    LOG[39m [38;5;3m[RouterExplorer] [39m[32mMapped {/api/v1/payables/invoice-imports/:importId/approve, POST} route[39m[38;5;3m +0ms[39m
[32m[Nest] 36260  - [39m28/05/2026, 17:39:31 [32m    LOG[39m [38;5;3m[RoutesResolver] [39m[32mFiscalCertificatesController {/api/v1/fiscal-certificates}:[39m[38;5;3m +0ms[39m
[32m[Nest] 36260  - [39m28/05/2026, 17:39:31 [32m    LOG[39m [38;5;3m[RouterExplorer] [39m[32mMapped {/api/v1/fiscal-certificates, GET} route[39m[38;5;3m +1ms[39m
[32m[Nest] 36260  - [39m28/05/2026, 17:39:31 [32m    LOG[39m [38;5;3m[RouterExplorer] [39m[32mMapped {/api/v1/fiscal-certificates/:certificateId, GET} route[39m[38;5;3m +0ms[39m
[32m[Nest] 36260  - [39m28/05/2026, 17:39:31 [32m    LOG[39m [38;5;3m[RouterExplorer] [39m[32mMapped {/api/v1/fiscal-certificates, POST} route[39m[38;5;3m +0ms[39m
[32m[Nest] 36260  - [39m28/05/2026, 17:39:31 [32m    LOG[39m [38;5;3m[RouterExplorer] [39m[32mMapped {/api/v1/fiscal-certificates/:certificateId, PATCH} route[39m[38;5;3m +0ms[39m
[32m[Nest] 36260  - [39m28/05/2026, 17:39:31 [32m    LOG[39m [38;5;3m[RouterExplorer] [39m[32mMapped {/api/v1/fiscal-certificates/:certificateId/activate, POST} route[39m[38;5;3m +1ms[39m
[32m[Nest] 36260  - [39m28/05/2026, 17:39:31 [32m    LOG[39m [38;5;3m[RouterExplorer] [39m[32mMapped {/api/v1/fiscal-certificates/:certificateId/inactivate, POST} route[39m[38;5;3m +0ms[39m
[32m[Nest] 36260  - [39m28/05/2026, 17:39:31 [32m    LOG[39m [38;5;3m[RouterExplorer] [39m[32mMapped {/api/v1/fiscal-certificates/:certificateId/set-default, POST} route[39m[38;5;3m +0ms[39m
[32m[Nest] 36260  - [39m28/05/2026, 17:39:31 [32m    LOG[39m [38;5;3m[RouterExplorer] [39m[32mMapped {/api/v1/fiscal-certificates/:certificateId/sync-dfe, POST} route[39m[38;5;3m +0ms[39m
[32m[Nest] 36260  - [39m28/05/2026, 17:39:31 [32m    LOG[39m [38;5;3m[NestApplication] [39m[32mNest application successfully started[39m[38;5;3m +3ms[39m
